<?xml version="1.0" encoding="UTF-8"?>
<!-- Generated by org.testng.reporters.JUnitXMLReporter -->
<testsuite ignored="0" hostname="DESKTOP-PT7ORMM" failures="5" tests="8" name="Surefire test" time="105.671" errors="0" timestamp="14 May 2021 18:26:20 GMT">
  <testcase classname="io.cucumber.testng.AbstractTestNGCucumberTests" name="runScenario" time="83.794"/>
  <testcase classname="io.cucumber.testng.AbstractTestNGCucumberTests" name="runScenario" time="87.785"/>
  <testcase classname="io.cucumber.testng.AbstractTestNGCucumberTests" name="runScenario" time="88.928"/>
  <testcase classname="io.cucumber.testng.AbstractTestNGCucumberTests" name="runScenario" time="88.929">
    <failure type="org.junit.ComparisonFailure" message="expected:&amp;lt;[My account] - My Store&amp;gt; but was:&amp;lt;[Login] - My Store&amp;gt;">
      <![CDATA[org.junit.ComparisonFailure: expected:<[My account] - My Store> but was:<[Login] - My Store>
at org.junit.Assert.assertEquals(Assert.java:117)
at org.junit.Assert.assertEquals(Assert.java:146)
at parallel.AccountsPageSteps.user_is_on_accounts_page(AccountsPageSteps.java:39)
at ✽.user is on Accounts page(file:///F:/MultiThreadedCucumberTestNgFramework/multiThread/src/test/resources/parallel/AccountsPage.feature:27)
]]>
    </failure>
  </testcase> <!-- runScenario -->
  <testcase classname="io.cucumber.testng.AbstractTestNGCucumberTests" name="runScenario" time="89.207">
    <failure type="org.junit.ComparisonFailure" message="expected:&amp;lt;[My account - My Stor]e&amp;gt; but was:&amp;lt;[Error 406 - Not Acceptabl]e&amp;gt;">
      <![CDATA[org.junit.ComparisonFailure: expected:<[My account - My Stor]e> but was:<[Error 406 - Not Acceptabl]e>
at org.junit.Assert.assertEquals(Assert.java:117)
at org.junit.Assert.assertEquals(Assert.java:146)
at parallel.AccountsPageSteps.user_is_on_accounts_page(AccountsPageSteps.java:39)
at ✽.user is on Accounts page(file:///F:/MultiThreadedCucumberTestNgFramework/multiThread/src/test/resources/parallel/AccountsPage.feature:16)
]]>
    </failure>
  </testcase> <!-- runScenario -->
  <testcase classname="io.cucumber.testng.AbstractTestNGCucumberTests" name="runScenario" time="89.504">
    <failure type="org.junit.ComparisonFailure" message="expected:&amp;lt;[My account] - My Store&amp;gt; but was:&amp;lt;[Login] - My Store&amp;gt;">
      <![CDATA[org.junit.ComparisonFailure: expected:<[My account] - My Store> but was:<[Login] - My Store>
at org.junit.Assert.assertEquals(Assert.java:117)
at org.junit.Assert.assertEquals(Assert.java:146)
at parallel.AccountsPageSteps.user_is_on_accounts_page(AccountsPageSteps.java:39)
at ✽.user is on Accounts page(file:///F:/MultiThreadedCucumberTestNgFramework/multiThread/src/test/resources/parallel/AccountsPage.feature:10)
]]>
    </failure>
  </testcase> <!-- runScenario -->
  <testcase classname="io.cucumber.testng.AbstractTestNGCucumberTests" name="runScenario" time="89.67">
    <failure type="java.lang.AssertionError">
      <![CDATA[java.lang.AssertionError
at org.junit.Assert.fail(Assert.java:87)
at org.junit.Assert.assertTrue(Assert.java:42)
at org.junit.Assert.assertTrue(Assert.java:53)
at parallel.LoginPageSteps.page_title_should_be(LoginPageSteps.java:32)
at ✽.page title should be "Login - My Store_"(file:///F:/MultiThreadedCucumberTestNgFramework/multiThread/src/test/resources/parallel/LoginPage.feature:6)
]]>
    </failure>
  </testcase> <!-- runScenario -->
  <testcase classname="io.cucumber.testng.AbstractTestNGCucumberTests" name="runScenario" time="92.714">
    <failure type="java.lang.AssertionError">
      <![CDATA[java.lang.AssertionError
at org.junit.Assert.fail(Assert.java:87)
at org.junit.Assert.assertTrue(Assert.java:42)
at org.junit.Assert.assertTrue(Assert.java:53)
at parallel.LoginPageSteps.page_title_should_be(LoginPageSteps.java:32)
at ✽.page title should be "My account - My Store"(file:///F:/MultiThreadedCucumberTestNgFramework/multiThread/src/test/resources/parallel/LoginPage.feature:18)
]]>
    </failure>
  </testcase> <!-- runScenario -->
</testsuite> <!-- Surefire test -->
