<?xml version="1.0" encoding="UTF-8"?>
<testng-results ignored="0" total="8" passed="3" failed="5" skipped="0">
  <reporter-output>
  </reporter-output>
  <suite started-at="2021-05-14T18:24:35Z" name="Surefire suite" finished-at="2021-05-14T18:26:20Z" duration-ms="105671">
    <groups>
      <group name="cucumber">
        <method signature="AbstractTestNGCucumberTests.runScenario(io.cucumber.testng.PickleWrapper, io.cucumber.testng.FeatureWrapper)[pri:0, instance:parallel.ParallelRun@76505305]" name="runScenario" class="io.cucumber.testng.AbstractTestNGCucumberTests"/>
      </group> <!-- cucumber -->
    </groups>
    <test started-at="2021-05-14T18:24:35Z" name="Surefire test" finished-at="2021-05-14T18:26:20Z" duration-ms="105671">
      <class name="parallel.ParallelRun">
        <test-method is-config="true" signature="setUpClass()[pri:0, instance:parallel.ParallelRun@76505305]" started-at="2021-05-14T18:24:35Z" name="setUpClass" finished-at="2021-05-14T18:24:35Z" duration-ms="929" status="PASS">
          <reporter-output>
          </reporter-output>
        </test-method> <!-- setUpClass -->
        <test-method signature="runScenario(io.cucumber.testng.PickleWrapper, io.cucumber.testng.FeatureWrapper)[pri:0, instance:parallel.ParallelRun@76505305]" started-at="2021-05-14T18:24:36Z" name="runScenario" description="Runs Cucumber Scenarios" data-provider="scenarios" finished-at="2021-05-14T18:26:05Z" duration-ms="89504" status="FAIL">
          <params>
            <param index="0">
              <value>
                <![CDATA["Accounts page title"]]>
              </value>
            </param>
            <param index="1">
              <value>
                <![CDATA["Optional[Account Page Feature]"]]>
              </value>
            </param>
          </params>
          <exception class="org.junit.ComparisonFailure">
            <message>
              <![CDATA[expected:<[My account] - My Store> but was:<[Login] - My Store>]]>
            </message>
            <full-stacktrace>
              <![CDATA[org.junit.ComparisonFailure: expected:<[My account] - My Store> but was:<[Login] - My Store>
at org.junit.Assert.assertEquals(Assert.java:117)
at org.junit.Assert.assertEquals(Assert.java:146)
at parallel.AccountsPageSteps.user_is_on_accounts_page(AccountsPageSteps.java:39)
at ✽.user is on Accounts page(file:///F:/MultiThreadedCucumberTestNgFramework/multiThread/src/test/resources/parallel/AccountsPage.feature:10)
]]>
            </full-stacktrace>
          </exception> <!-- org.junit.ComparisonFailure -->
          <reporter-output>
          </reporter-output>
        </test-method> <!-- runScenario -->
        <test-method signature="runScenario(io.cucumber.testng.PickleWrapper, io.cucumber.testng.FeatureWrapper)[pri:0, instance:parallel.ParallelRun@76505305]" started-at="2021-05-14T18:24:36Z" name="runScenario" description="Runs Cucumber Scenarios" data-provider="scenarios" finished-at="2021-05-14T18:25:59Z" duration-ms="83794" status="PASS">
          <params>
            <param index="0">
              <value>
                <![CDATA["Google Page title"]]>
              </value>
            </param>
            <param index="1">
              <value>
                <![CDATA["Optional[Google Page feature]"]]>
              </value>
            </param>
          </params>
          <reporter-output>
          </reporter-output>
        </test-method> <!-- runScenario -->
        <test-method signature="runScenario(io.cucumber.testng.PickleWrapper, io.cucumber.testng.FeatureWrapper)[pri:0, instance:parallel.ParallelRun@76505305]" started-at="2021-05-14T18:24:36Z" name="runScenario" description="Runs Cucumber Scenarios" data-provider="scenarios" finished-at="2021-05-14T18:26:03Z" duration-ms="87785" status="PASS">
          <params>
            <param index="0">
              <value>
                <![CDATA["Forget Password Link"]]>
              </value>
            </param>
            <param index="1">
              <value>
                <![CDATA["Optional[Login Page feature]"]]>
              </value>
            </param>
          </params>
          <reporter-output>
          </reporter-output>
        </test-method> <!-- runScenario -->
        <test-method signature="runScenario(io.cucumber.testng.PickleWrapper, io.cucumber.testng.FeatureWrapper)[pri:0, instance:parallel.ParallelRun@76505305]" started-at="2021-05-14T18:24:36Z" name="runScenario" description="Runs Cucumber Scenarios" data-provider="scenarios" finished-at="2021-05-14T18:26:04Z" duration-ms="88929" status="FAIL">
          <params>
            <param index="0">
              <value>
                <![CDATA["Accounts section customer care contact"]]>
              </value>
            </param>
            <param index="1">
              <value>
                <![CDATA["Optional[Account Page Feature]"]]>
              </value>
            </param>
          </params>
          <exception class="org.junit.ComparisonFailure">
            <message>
              <![CDATA[expected:<[My account] - My Store> but was:<[Login] - My Store>]]>
            </message>
            <full-stacktrace>
              <![CDATA[org.junit.ComparisonFailure: expected:<[My account] - My Store> but was:<[Login] - My Store>
at org.junit.Assert.assertEquals(Assert.java:117)
at org.junit.Assert.assertEquals(Assert.java:146)
at parallel.AccountsPageSteps.user_is_on_accounts_page(AccountsPageSteps.java:39)
at ✽.user is on Accounts page(file:///F:/MultiThreadedCucumberTestNgFramework/multiThread/src/test/resources/parallel/AccountsPage.feature:27)
]]>
            </full-stacktrace>
          </exception> <!-- org.junit.ComparisonFailure -->
          <reporter-output>
          </reporter-output>
        </test-method> <!-- runScenario -->
        <test-method signature="runScenario(io.cucumber.testng.PickleWrapper, io.cucumber.testng.FeatureWrapper)[pri:0, instance:parallel.ParallelRun@76505305]" started-at="2021-05-14T18:24:36Z" name="runScenario" description="Runs Cucumber Scenarios" data-provider="scenarios" finished-at="2021-05-14T18:26:05Z" duration-ms="89670" status="FAIL">
          <params>
            <param index="0">
              <value>
                <![CDATA["Login Page title"]]>
              </value>
            </param>
            <param index="1">
              <value>
                <![CDATA["Optional[Login Page feature]"]]>
              </value>
            </param>
          </params>
          <exception class="java.lang.AssertionError">
            <full-stacktrace>
              <![CDATA[java.lang.AssertionError
at org.junit.Assert.fail(Assert.java:87)
at org.junit.Assert.assertTrue(Assert.java:42)
at org.junit.Assert.assertTrue(Assert.java:53)
at parallel.LoginPageSteps.page_title_should_be(LoginPageSteps.java:32)
at ✽.page title should be "Login - My Store_"(file:///F:/MultiThreadedCucumberTestNgFramework/multiThread/src/test/resources/parallel/LoginPage.feature:6)
]]>
            </full-stacktrace>
          </exception> <!-- java.lang.AssertionError -->
          <reporter-output>
          </reporter-output>
        </test-method> <!-- runScenario -->
        <test-method signature="runScenario(io.cucumber.testng.PickleWrapper, io.cucumber.testng.FeatureWrapper)[pri:0, instance:parallel.ParallelRun@76505305]" started-at="2021-05-14T18:24:36Z" name="runScenario" description="Runs Cucumber Scenarios" data-provider="scenarios" finished-at="2021-05-14T18:26:05Z" duration-ms="89207" status="FAIL">
          <params>
            <param index="0">
              <value>
                <![CDATA["Accounts section count"]]>
              </value>
            </param>
            <param index="1">
              <value>
                <![CDATA["Optional[Account Page Feature]"]]>
              </value>
            </param>
          </params>
          <exception class="org.junit.ComparisonFailure">
            <message>
              <![CDATA[expected:<[My account - My Stor]e> but was:<[Error 406 - Not Acceptabl]e>]]>
            </message>
            <full-stacktrace>
              <![CDATA[org.junit.ComparisonFailure: expected:<[My account - My Stor]e> but was:<[Error 406 - Not Acceptabl]e>
at org.junit.Assert.assertEquals(Assert.java:117)
at org.junit.Assert.assertEquals(Assert.java:146)
at parallel.AccountsPageSteps.user_is_on_accounts_page(AccountsPageSteps.java:39)
at ✽.user is on Accounts page(file:///F:/MultiThreadedCucumberTestNgFramework/multiThread/src/test/resources/parallel/AccountsPage.feature:16)
]]>
            </full-stacktrace>
          </exception> <!-- org.junit.ComparisonFailure -->
          <reporter-output>
          </reporter-output>
        </test-method> <!-- runScenario -->
        <test-method signature="runScenario(io.cucumber.testng.PickleWrapper, io.cucumber.testng.FeatureWrapper)[pri:0, instance:parallel.ParallelRun@76505305]" started-at="2021-05-14T18:24:36Z" name="runScenario" description="Runs Cucumber Scenarios" data-provider="scenarios" finished-at="2021-05-14T18:26:04Z" duration-ms="88928" status="PASS">
          <params>
            <param index="0">
              <value>
                <![CDATA["Youtube Page title"]]>
              </value>
            </param>
            <param index="1">
              <value>
                <![CDATA["Optional[Youtube Page feature]"]]>
              </value>
            </param>
          </params>
          <reporter-output>
          </reporter-output>
        </test-method> <!-- runScenario -->
        <test-method signature="runScenario(io.cucumber.testng.PickleWrapper, io.cucumber.testng.FeatureWrapper)[pri:0, instance:parallel.ParallelRun@76505305]" started-at="2021-05-14T18:24:36Z" name="runScenario" description="Runs Cucumber Scenarios" data-provider="scenarios" finished-at="2021-05-14T18:26:08Z" duration-ms="92714" status="FAIL">
          <params>
            <param index="0">
              <value>
                <![CDATA["Login with correct credentials"]]>
              </value>
            </param>
            <param index="1">
              <value>
                <![CDATA["Optional[Login Page feature]"]]>
              </value>
            </param>
          </params>
          <exception class="java.lang.AssertionError">
            <full-stacktrace>
              <![CDATA[java.lang.AssertionError
at org.junit.Assert.fail(Assert.java:87)
at org.junit.Assert.assertTrue(Assert.java:42)
at org.junit.Assert.assertTrue(Assert.java:53)
at parallel.LoginPageSteps.page_title_should_be(LoginPageSteps.java:32)
at ✽.page title should be "My account - My Store"(file:///F:/MultiThreadedCucumberTestNgFramework/multiThread/src/test/resources/parallel/LoginPage.feature:18)
]]>
            </full-stacktrace>
          </exception> <!-- java.lang.AssertionError -->
          <reporter-output>
          </reporter-output>
        </test-method> <!-- runScenario -->
        <test-method is-config="true" signature="tearDownClass()[pri:0, instance:parallel.ParallelRun@76505305]" started-at="2021-05-14T18:26:08Z" name="tearDownClass" finished-at="2021-05-14T18:26:20Z" duration-ms="11967" status="PASS">
          <reporter-output>
          </reporter-output>
        </test-method> <!-- tearDownClass -->
      </class> <!-- parallel.ParallelRun -->
    </test> <!-- Surefire test -->
  </suite> <!-- Surefire suite -->
</testng-results>
